v9: af261f9 Merge pull request #5694 from chainer-ci/bp-5693-v9-test-5537-faster
Options: {'package_name': 'cupy', 'long_description': None, 'wheel_libs': [], 'wheel_includes': [], 'wheel_metadata': None, 'no_rpath': False, 'profile': False, 'linetrace': False, 'annotate': False, 'no_cuda': False, 'use_hip': True}

-------- Configuring Module: cuda --------

-------- Configuring Module: cub --------

-------- Configuring Module: nccl --------

-------- Configuring Module: thrust --------

-------- Configuring Module: dlpack --------

************************************************************
* CuPy Configuration Summary                               *
************************************************************

Build Environment:
  Include directories: ['/opt/rocm/include/hipcub', '/home/kmaeh/Development/cupy-rocm-ci-report/tools/tmp.1GXTblFDDT/cupy/install/../cupy/_core/include', '/opt/rocm/include', '/opt/rocm/include/hip', '/opt/rocm/include/rocrand', '/opt/rocm/include/hiprand', '/opt/rocm/include/roctracer']
  Library directories: ['/opt/rocm/lib']
  nvcc command       : (not found)
  hipcc command      : ['/opt/rocm/bin/hipcc']

Environment Variables:
  CFLAGS          : (none)
  LDFLAGS         : -L/opt/rocm/lib 
  LIBRARY_PATH    : (none)
  CUDA_PATH       : (none)
  NVTOOLSEXT_PATH : (none)
  NVCC            : (none)
  HIPCC           : (none)
  ROCM_HOME       : /opt/rocm

Modules:
  cuda      : Yes (version 40321300)
  cub       : Yes (version 201009)
  nccl      : Yes (version 2804)
  thrust    : Yes
  dlpack    : Yes
************************************************************

running develop
running egg_info
creating cupy.egg-info
writing cupy.egg-info/PKG-INFO
writing dependency_links to cupy.egg-info/dependency_links.txt
writing requirements to cupy.egg-info/requires.txt
writing top-level names to cupy.egg-info/top_level.txt
writing manifest file 'cupy.egg-info/SOURCES.txt'
reading manifest file 'cupy.egg-info/SOURCES.txt'
reading manifest template 'MANIFEST.in'
warning: no files found matching '*.pxi' under directory 'cupy'
warning: no files found matching '*.hpp' under directory 'cupy_backends'
warning: no files found matching '*.pxi' under directory 'cupy_backends'
warning: no previously-included files matching '*.cpp' found under directory 'cupy_backends'
writing manifest file 'cupy.egg-info/SOURCES.txt'
running build_ext
C compiler: gcc -pthread -Wno-unused-result -Wsign-compare -DNDEBUG -g -fwrapv -O3 -Wall -I/home/kmaeh/CuPy_Team/rocm//opt/rocm-4.0.0/include -I/home/kmaeh/CuPy_Team/rocm//opt/rocm-4.0.0/include -I/home/kmaeh/CuPy_Team/rocm//opt/rocm-4.0.0/include -I/home/kmaeh/CuPy_Team/rocm//opt/rocm-4.0.0/include -fPIC

creating /tmp/tmpgfxupcks/tmp
creating /tmp/tmpgfxupcks/tmp/tmpgfxupcks
compile options: '-I/opt/rocm/include/hipcub -I/home/kmaeh/Development/cupy-rocm-ci-report/tools/tmp.1GXTblFDDT/cupy/install/../cupy/_core/include -I/opt/rocm/include -I/opt/rocm/include/hip -I/opt/rocm/include/rocrand -I/opt/rocm/include/hiprand -I/opt/rocm/include/roctracer -c'
gcc: /tmp/tmpgfxupcks/a.cpp
g++ -pthread /tmp/tmpgfxupcks/tmp/tmpgfxupcks/a.o -o /tmp/tmpgfxupcks/a

-------- Configuring Module: cuda --------
C compiler: gcc -pthread -Wno-unused-result -Wsign-compare -DNDEBUG -g -fwrapv -O3 -Wall -I/home/kmaeh/CuPy_Team/rocm//opt/rocm-4.0.0/include -I/home/kmaeh/CuPy_Team/rocm//opt/rocm-4.0.0/include -I/home/kmaeh/CuPy_Team/rocm//opt/rocm-4.0.0/include -I/home/kmaeh/CuPy_Team/rocm//opt/rocm-4.0.0/include -fPIC

creating /tmp/tmpn9lwxi9j/tmp
creating /tmp/tmpn9lwxi9j/tmp/tmpn9lwxi9j
compile options: '-D_FORCE_INLINES=1 -DCUPY_USE_HIP=1 -D__HIP_PLATFORM_AMD__=1 -D__HIP_PLATFORM_HCC__=1 -I/opt/rocm/hipfft/include -I/opt/rocm/include/hipcub -I/home/kmaeh/Development/cupy-rocm-ci-report/tools/tmp.1GXTblFDDT/cupy/install/../cupy/_core/include -I/opt/rocm/include -I/opt/rocm/include/hip -I/opt/rocm/include/rocrand -I/opt/rocm/include/hiprand -I/opt/rocm/include/roctracer -c'
extra options: '-std=c++11'
gcc: /tmp/tmpn9lwxi9j/a.cpp
g++ -pthread -shared -L/home/kmaeh/.pyenv/versions/3.8.7/lib -L/opt/rocm/lib -L/home/kmaeh/CuPy_Team/rocm//opt/rocm-4.0.0/lib -L/opt/rocm/lib -L/opt/rocm/lib -L/home/kmaeh/CuPy_Team/rocm//opt/rocm-4.0.0/lib -L/opt/rocm/lib -L/home/kmaeh/.pyenv/versions/3.8.7/lib -L/opt/rocm/lib -L/home/kmaeh/CuPy_Team/rocm//opt/rocm-4.0.0/lib -L/opt/rocm/lib -L/opt/rocm/lib -L/home/kmaeh/CuPy_Team/rocm//opt/rocm-4.0.0/lib -L/opt/rocm/lib -L/opt/rocm/lib /tmp/tmpn9lwxi9j/tmp/tmpn9lwxi9j/a.o -o /tmp/tmpn9lwxi9j/liba.so
C compiler: gcc -pthread -Wno-unused-result -Wsign-compare -DNDEBUG -g -fwrapv -O3 -Wall -I/home/kmaeh/CuPy_Team/rocm//opt/rocm-4.0.0/include -I/home/kmaeh/CuPy_Team/rocm//opt/rocm-4.0.0/include -I/home/kmaeh/CuPy_Team/rocm//opt/rocm-4.0.0/include -I/home/kmaeh/CuPy_Team/rocm//opt/rocm-4.0.0/include -fPIC

creating /tmp/tmpusozey3v/tmp
creating /tmp/tmpusozey3v/tmp/tmpusozey3v
compile options: '-D_FORCE_INLINES=1 -DCUPY_USE_HIP=1 -D__HIP_PLATFORM_AMD__=1 -D__HIP_PLATFORM_HCC__=1 -c'
extra options: '-std=c++11'
gcc: /tmp/tmpusozey3v/a.cpp
g++ -pthread -shared -L/home/kmaeh/.pyenv/versions/3.8.7/lib -L/opt/rocm/lib -L/home/kmaeh/CuPy_Team/rocm//opt/rocm-4.0.0/lib -L/opt/rocm/lib -L/opt/rocm/lib -L/home/kmaeh/CuPy_Team/rocm//opt/rocm-4.0.0/lib -L/opt/rocm/lib -L/home/kmaeh/.pyenv/versions/3.8.7/lib -L/opt/rocm/lib -L/home/kmaeh/CuPy_Team/rocm//opt/rocm-4.0.0/lib -L/opt/rocm/lib -L/opt/rocm/lib -L/home/kmaeh/CuPy_Team/rocm//opt/rocm-4.0.0/lib -L/opt/rocm/lib -L/opt/rocm/lib /tmp/tmpusozey3v/tmp/tmpusozey3v/a.o -L/opt/rocm/hipfft/lib -L/opt/rocm/lib -lamdhip64 -lhipblas -lhipfft -lhiprand -lrocfft -lroctx64 -lrocblas -lrocsolver -o /tmp/tmpusozey3v/liba.so
C compiler: gcc -pthread -Wno-unused-result -Wsign-compare -DNDEBUG -g -fwrapv -O3 -Wall -I/home/kmaeh/CuPy_Team/rocm//opt/rocm-4.0.0/include -I/home/kmaeh/CuPy_Team/rocm//opt/rocm-4.0.0/include -I/home/kmaeh/CuPy_Team/rocm//opt/rocm-4.0.0/include -I/home/kmaeh/CuPy_Team/rocm//opt/rocm-4.0.0/include -fPIC

creating /tmp/tmpi8ua4tkz/tmp
creating /tmp/tmpi8ua4tkz/tmp/tmpi8ua4tkz
compile options: '-I/opt/rocm/hipfft/include -I/opt/rocm/include/hipcub -I/home/kmaeh/Development/cupy-rocm-ci-report/tools/tmp.1GXTblFDDT/cupy/install/../cupy/_core/include -I/opt/rocm/include -I/opt/rocm/include/hip -I/opt/rocm/include/rocrand -I/opt/rocm/include/hiprand -I/opt/rocm/include/roctracer -c'
gcc: /tmp/tmpi8ua4tkz/a.cpp
g++ -pthread /tmp/tmpi8ua4tkz/tmp/tmpi8ua4tkz/a.o -o /tmp/tmpi8ua4tkz/a

-------- Configuring Module: cub --------
C compiler: gcc -pthread -Wno-unused-result -Wsign-compare -DNDEBUG -g -fwrapv -O3 -Wall -I/home/kmaeh/CuPy_Team/rocm//opt/rocm-4.0.0/include -I/home/kmaeh/CuPy_Team/rocm//opt/rocm-4.0.0/include -I/home/kmaeh/CuPy_Team/rocm//opt/rocm-4.0.0/include -I/home/kmaeh/CuPy_Team/rocm//opt/rocm-4.0.0/include -fPIC

creating /tmp/tmprt1ny1al/tmp
creating /tmp/tmprt1ny1al/tmp/tmprt1ny1al
compile options: '-D_FORCE_INLINES=1 -DCUPY_USE_HIP=1 -D__HIP_PLATFORM_AMD__=1 -D__HIP_PLATFORM_HCC__=1 -I/opt/rocm/hipfft/include -I/opt/rocm/include/hipcub -I/home/kmaeh/Development/cupy-rocm-ci-report/tools/tmp.1GXTblFDDT/cupy/install/../cupy/_core/include -I/opt/rocm/include -I/opt/rocm/include/hip -I/opt/rocm/include/rocrand -I/opt/rocm/include/hiprand -I/opt/rocm/include/roctracer -c'
extra options: '-std=c++11'
gcc: /tmp/tmprt1ny1al/a.cpp
g++ -pthread -shared -L/home/kmaeh/.pyenv/versions/3.8.7/lib -L/opt/rocm/lib -L/home/kmaeh/CuPy_Team/rocm//opt/rocm-4.0.0/lib -L/opt/rocm/lib -L/opt/rocm/lib -L/home/kmaeh/CuPy_Team/rocm//opt/rocm-4.0.0/lib -L/opt/rocm/lib -L/home/kmaeh/.pyenv/versions/3.8.7/lib -L/opt/rocm/lib -L/home/kmaeh/CuPy_Team/rocm//opt/rocm-4.0.0/lib -L/opt/rocm/lib -L/opt/rocm/lib -L/home/kmaeh/CuPy_Team/rocm//opt/rocm-4.0.0/lib -L/opt/rocm/lib -L/opt/rocm/lib /tmp/tmprt1ny1al/tmp/tmprt1ny1al/a.o -o /tmp/tmprt1ny1al/liba.so
C compiler: gcc -pthread -Wno-unused-result -Wsign-compare -DNDEBUG -g -fwrapv -O3 -Wall -I/home/kmaeh/CuPy_Team/rocm//opt/rocm-4.0.0/include -I/home/kmaeh/CuPy_Team/rocm//opt/rocm-4.0.0/include -I/home/kmaeh/CuPy_Team/rocm//opt/rocm-4.0.0/include -I/home/kmaeh/CuPy_Team/rocm//opt/rocm-4.0.0/include -fPIC

creating /tmp/tmpkli7u66g/tmp
creating /tmp/tmpkli7u66g/tmp/tmpkli7u66g
compile options: '-D_FORCE_INLINES=1 -DCUPY_USE_HIP=1 -D__HIP_PLATFORM_AMD__=1 -D__HIP_PLATFORM_HCC__=1 -c'
extra options: '-std=c++11'
gcc: /tmp/tmpkli7u66g/a.cpp
g++ -pthread -shared -L/home/kmaeh/.pyenv/versions/3.8.7/lib -L/opt/rocm/lib -L/home/kmaeh/CuPy_Team/rocm//opt/rocm-4.0.0/lib -L/opt/rocm/lib -L/opt/rocm/lib -L/home/kmaeh/CuPy_Team/rocm//opt/rocm-4.0.0/lib -L/opt/rocm/lib -L/home/kmaeh/.pyenv/versions/3.8.7/lib -L/opt/rocm/lib -L/home/kmaeh/CuPy_Team/rocm//opt/rocm-4.0.0/lib -L/opt/rocm/lib -L/opt/rocm/lib -L/home/kmaeh/CuPy_Team/rocm//opt/rocm-4.0.0/lib -L/opt/rocm/lib -L/opt/rocm/lib /tmp/tmpkli7u66g/tmp/tmpkli7u66g/a.o -L/opt/rocm/hipfft/lib -L/opt/rocm/lib -lamdhip64 -o /tmp/tmpkli7u66g/liba.so
C compiler: gcc -pthread -Wno-unused-result -Wsign-compare -DNDEBUG -g -fwrapv -O3 -Wall -I/home/kmaeh/CuPy_Team/rocm//opt/rocm-4.0.0/include -I/home/kmaeh/CuPy_Team/rocm//opt/rocm-4.0.0/include -I/home/kmaeh/CuPy_Team/rocm//opt/rocm-4.0.0/include -I/home/kmaeh/CuPy_Team/rocm//opt/rocm-4.0.0/include -fPIC

creating /tmp/tmpm9hc69gr/tmp
creating /tmp/tmpm9hc69gr/tmp/tmpm9hc69gr
compile options: '-D_FORCE_INLINES=1 -DCUPY_USE_HIP=1 -D__HIP_PLATFORM_AMD__=1 -D__HIP_PLATFORM_HCC__=1 -I/opt/rocm/hipfft/include -I/opt/rocm/include/hipcub -I/home/kmaeh/Development/cupy-rocm-ci-report/tools/tmp.1GXTblFDDT/cupy/install/../cupy/_core/include -I/opt/rocm/include -I/opt/rocm/include/hip -I/opt/rocm/include/rocrand -I/opt/rocm/include/hiprand -I/opt/rocm/include/roctracer -c'
gcc: /tmp/tmpm9hc69gr/a.cpp
g++ -pthread /tmp/tmpm9hc69gr/tmp/tmpm9hc69gr/a.o -o /tmp/tmpm9hc69gr/a

-------- Configuring Module: nccl --------
C compiler: gcc -pthread -Wno-unused-result -Wsign-compare -DNDEBUG -g -fwrapv -O3 -Wall -I/home/kmaeh/CuPy_Team/rocm//opt/rocm-4.0.0/include -I/home/kmaeh/CuPy_Team/rocm//opt/rocm-4.0.0/include -I/home/kmaeh/CuPy_Team/rocm//opt/rocm-4.0.0/include -I/home/kmaeh/CuPy_Team/rocm//opt/rocm-4.0.0/include -fPIC

creating /tmp/tmpf2z243j1/tmp
creating /tmp/tmpf2z243j1/tmp/tmpf2z243j1
compile options: '-D_FORCE_INLINES=1 -DCUPY_USE_HIP=1 -D__HIP_PLATFORM_AMD__=1 -D__HIP_PLATFORM_HCC__=1 -DCUPY_CUB_VERSION_CODE=201009 -I/opt/rocm/hipfft/include -I/opt/rocm/include/hipcub -I/home/kmaeh/Development/cupy-rocm-ci-report/tools/tmp.1GXTblFDDT/cupy/install/../cupy/_core/include -I/opt/rocm/include -I/opt/rocm/include/hip -I/opt/rocm/include/rocrand -I/opt/rocm/include/hiprand -I/opt/rocm/include/roctracer -c'
extra options: '-std=c++11'
gcc: /tmp/tmpf2z243j1/a.cpp
g++ -pthread -shared -L/home/kmaeh/.pyenv/versions/3.8.7/lib -L/opt/rocm/lib -L/home/kmaeh/CuPy_Team/rocm//opt/rocm-4.0.0/lib -L/opt/rocm/lib -L/opt/rocm/lib -L/home/kmaeh/CuPy_Team/rocm//opt/rocm-4.0.0/lib -L/opt/rocm/lib -L/home/kmaeh/.pyenv/versions/3.8.7/lib -L/opt/rocm/lib -L/home/kmaeh/CuPy_Team/rocm//opt/rocm-4.0.0/lib -L/opt/rocm/lib -L/opt/rocm/lib -L/home/kmaeh/CuPy_Team/rocm//opt/rocm-4.0.0/lib -L/opt/rocm/lib -L/opt/rocm/lib /tmp/tmpf2z243j1/tmp/tmpf2z243j1/a.o -o /tmp/tmpf2z243j1/liba.so
C compiler: gcc -pthread -Wno-unused-result -Wsign-compare -DNDEBUG -g -fwrapv -O3 -Wall -I/home/kmaeh/CuPy_Team/rocm//opt/rocm-4.0.0/include -I/home/kmaeh/CuPy_Team/rocm//opt/rocm-4.0.0/include -I/home/kmaeh/CuPy_Team/rocm//opt/rocm-4.0.0/include -I/home/kmaeh/CuPy_Team/rocm//opt/rocm-4.0.0/include -fPIC

creating /tmp/tmpq3f7o00w/tmp
creating /tmp/tmpq3f7o00w/tmp/tmpq3f7o00w
compile options: '-D_FORCE_INLINES=1 -DCUPY_USE_HIP=1 -D__HIP_PLATFORM_AMD__=1 -D__HIP_PLATFORM_HCC__=1 -DCUPY_CUB_VERSION_CODE=201009 -c'
extra options: '-std=c++11'
gcc: /tmp/tmpq3f7o00w/a.cpp
g++ -pthread -shared -L/home/kmaeh/.pyenv/versions/3.8.7/lib -L/opt/rocm/lib -L/home/kmaeh/CuPy_Team/rocm//opt/rocm-4.0.0/lib -L/opt/rocm/lib -L/opt/rocm/lib -L/home/kmaeh/CuPy_Team/rocm//opt/rocm-4.0.0/lib -L/opt/rocm/lib -L/home/kmaeh/.pyenv/versions/3.8.7/lib -L/opt/rocm/lib -L/home/kmaeh/CuPy_Team/rocm//opt/rocm-4.0.0/lib -L/opt/rocm/lib -L/opt/rocm/lib -L/home/kmaeh/CuPy_Team/rocm//opt/rocm-4.0.0/lib -L/opt/rocm/lib -L/opt/rocm/lib /tmp/tmpq3f7o00w/tmp/tmpq3f7o00w/a.o -L/opt/rocm/hipfft/lib -L/opt/rocm/lib -lrccl -o /tmp/tmpq3f7o00w/liba.so
C compiler: gcc -pthread -Wno-unused-result -Wsign-compare -DNDEBUG -g -fwrapv -O3 -Wall -I/home/kmaeh/CuPy_Team/rocm//opt/rocm-4.0.0/include -I/home/kmaeh/CuPy_Team/rocm//opt/rocm-4.0.0/include -I/home/kmaeh/CuPy_Team/rocm//opt/rocm-4.0.0/include -I/home/kmaeh/CuPy_Team/rocm//opt/rocm-4.0.0/include -fPIC

creating /tmp/tmpqtk2iwwq/tmp
creating /tmp/tmpqtk2iwwq/tmp/tmpqtk2iwwq
compile options: '-D_FORCE_INLINES=1 -DCUPY_USE_HIP=1 -D__HIP_PLATFORM_AMD__=1 -D__HIP_PLATFORM_HCC__=1 -DCUPY_CUB_VERSION_CODE=201009 -I/opt/rocm/hipfft/include -I/opt/rocm/include/hipcub -I/home/kmaeh/Development/cupy-rocm-ci-report/tools/tmp.1GXTblFDDT/cupy/install/../cupy/_core/include -I/opt/rocm/include -I/opt/rocm/include/hip -I/opt/rocm/include/rocrand -I/opt/rocm/include/hiprand -I/opt/rocm/include/roctracer -c'
gcc: /tmp/tmpqtk2iwwq/a.cpp
g++ -pthread /tmp/tmpqtk2iwwq/tmp/tmpqtk2iwwq/a.o -o /tmp/tmpqtk2iwwq/a

-------- Configuring Module: thrust --------
C compiler: gcc -pthread -Wno-unused-result -Wsign-compare -DNDEBUG -g -fwrapv -O3 -Wall -I/home/kmaeh/CuPy_Team/rocm//opt/rocm-4.0.0/include -I/home/kmaeh/CuPy_Team/rocm//opt/rocm-4.0.0/include -I/home/kmaeh/CuPy_Team/rocm//opt/rocm-4.0.0/include -I/home/kmaeh/CuPy_Team/rocm//opt/rocm-4.0.0/include -fPIC

creating /tmp/tmp168zt1o5/tmp
creating /tmp/tmp168zt1o5/tmp/tmp168zt1o5
compile options: '-D_FORCE_INLINES=1 -DCUPY_USE_HIP=1 -D__HIP_PLATFORM_AMD__=1 -D__HIP_PLATFORM_HCC__=1 -DCUPY_CUB_VERSION_CODE=201009 -I/opt/rocm/hipfft/include -I/opt/rocm/include/hipcub -I/home/kmaeh/Development/cupy-rocm-ci-report/tools/tmp.1GXTblFDDT/cupy/install/../cupy/_core/include -I/opt/rocm/include -I/opt/rocm/include/hip -I/opt/rocm/include/rocrand -I/opt/rocm/include/hiprand -I/opt/rocm/include/roctracer -c'
extra options: '-std=c++11'
gcc: /tmp/tmp168zt1o5/a.cpp
g++ -pthread -shared -L/home/kmaeh/.pyenv/versions/3.8.7/lib -L/opt/rocm/lib -L/home/kmaeh/CuPy_Team/rocm//opt/rocm-4.0.0/lib -L/opt/rocm/lib -L/opt/rocm/lib -L/home/kmaeh/CuPy_Team/rocm//opt/rocm-4.0.0/lib -L/opt/rocm/lib -L/home/kmaeh/.pyenv/versions/3.8.7/lib -L/opt/rocm/lib -L/home/kmaeh/CuPy_Team/rocm//opt/rocm-4.0.0/lib -L/opt/rocm/lib -L/opt/rocm/lib -L/home/kmaeh/CuPy_Team/rocm//opt/rocm-4.0.0/lib -L/opt/rocm/lib -L/opt/rocm/lib /tmp/tmp168zt1o5/tmp/tmp168zt1o5/a.o -o /tmp/tmp168zt1o5/liba.so
C compiler: gcc -pthread -Wno-unused-result -Wsign-compare -DNDEBUG -g -fwrapv -O3 -Wall -I/home/kmaeh/CuPy_Team/rocm//opt/rocm-4.0.0/include -I/home/kmaeh/CuPy_Team/rocm//opt/rocm-4.0.0/include -I/home/kmaeh/CuPy_Team/rocm//opt/rocm-4.0.0/include -I/home/kmaeh/CuPy_Team/rocm//opt/rocm-4.0.0/include -fPIC

creating /tmp/tmp9_r1nbrg/tmp
creating /tmp/tmp9_r1nbrg/tmp/tmp9_r1nbrg
compile options: '-D_FORCE_INLINES=1 -DCUPY_USE_HIP=1 -D__HIP_PLATFORM_AMD__=1 -D__HIP_PLATFORM_HCC__=1 -DCUPY_CUB_VERSION_CODE=201009 -c'
extra options: '-std=c++11'
gcc: /tmp/tmp9_r1nbrg/a.cpp
g++ -pthread -shared -L/home/kmaeh/.pyenv/versions/3.8.7/lib -L/opt/rocm/lib -L/home/kmaeh/CuPy_Team/rocm//opt/rocm-4.0.0/lib -L/opt/rocm/lib -L/opt/rocm/lib -L/home/kmaeh/CuPy_Team/rocm//opt/rocm-4.0.0/lib -L/opt/rocm/lib -L/home/kmaeh/.pyenv/versions/3.8.7/lib -L/opt/rocm/lib -L/home/kmaeh/CuPy_Team/rocm//opt/rocm-4.0.0/lib -L/opt/rocm/lib -L/opt/rocm/lib -L/home/kmaeh/CuPy_Team/rocm//opt/rocm-4.0.0/lib -L/opt/rocm/lib -L/opt/rocm/lib /tmp/tmp9_r1nbrg/tmp/tmp9_r1nbrg/a.o -L/opt/rocm/hipfft/lib -L/opt/rocm/lib -lamdhip64 -o /tmp/tmp9_r1nbrg/liba.so

-------- Configuring Module: dlpack --------
C compiler: gcc -pthread -Wno-unused-result -Wsign-compare -DNDEBUG -g -fwrapv -O3 -Wall -I/home/kmaeh/CuPy_Team/rocm//opt/rocm-4.0.0/include -I/home/kmaeh/CuPy_Team/rocm//opt/rocm-4.0.0/include -I/home/kmaeh/CuPy_Team/rocm//opt/rocm-4.0.0/include -I/home/kmaeh/CuPy_Team/rocm//opt/rocm-4.0.0/include -fPIC

creating /tmp/tmp0s6c76g1/tmp
creating /tmp/tmp0s6c76g1/tmp/tmp0s6c76g1
compile options: '-D_FORCE_INLINES=1 -DCUPY_USE_HIP=1 -D__HIP_PLATFORM_AMD__=1 -D__HIP_PLATFORM_HCC__=1 -DCUPY_CUB_VERSION_CODE=201009 -I/opt/rocm/hipfft/include -I/opt/rocm/include/hipcub -I/home/kmaeh/Development/cupy-rocm-ci-report/tools/tmp.1GXTblFDDT/cupy/install/../cupy/_core/include -I/opt/rocm/include -I/opt/rocm/include/hip -I/opt/rocm/include/rocrand -I/opt/rocm/include/hiprand -I/opt/rocm/include/roctracer -c'
extra options: '-std=c++11'
gcc: /tmp/tmp0s6c76g1/a.cpp
g++ -pthread -shared -L/home/kmaeh/.pyenv/versions/3.8.7/lib -L/opt/rocm/lib -L/home/kmaeh/CuPy_Team/rocm//opt/rocm-4.0.0/lib -L/opt/rocm/lib -L/opt/rocm/lib -L/home/kmaeh/CuPy_Team/rocm//opt/rocm-4.0.0/lib -L/opt/rocm/lib -L/home/kmaeh/.pyenv/versions/3.8.7/lib -L/opt/rocm/lib -L/home/kmaeh/CuPy_Team/rocm//opt/rocm-4.0.0/lib -L/opt/rocm/lib -L/opt/rocm/lib -L/home/kmaeh/CuPy_Team/rocm//opt/rocm-4.0.0/lib -L/opt/rocm/lib -L/opt/rocm/lib /tmp/tmp0s6c76g1/tmp/tmp0s6c76g1/a.o -o /tmp/tmp0s6c76g1/liba.so
C compiler: gcc -pthread -Wno-unused-result -Wsign-compare -DNDEBUG -g -fwrapv -O3 -Wall -I/home/kmaeh/CuPy_Team/rocm//opt/rocm-4.0.0/include -I/home/kmaeh/CuPy_Team/rocm//opt/rocm-4.0.0/include -I/home/kmaeh/CuPy_Team/rocm//opt/rocm-4.0.0/include -I/home/kmaeh/CuPy_Team/rocm//opt/rocm-4.0.0/include -fPIC

creating /tmp/tmplq98v6gk/tmp
creating /tmp/tmplq98v6gk/tmp/tmplq98v6gk
compile options: '-D_FORCE_INLINES=1 -DCUPY_USE_HIP=1 -D__HIP_PLATFORM_AMD__=1 -D__HIP_PLATFORM_HCC__=1 -DCUPY_CUB_VERSION_CODE=201009 -c'
extra options: '-std=c++11'
gcc: /tmp/tmplq98v6gk/a.cpp
g++ -pthread -shared -L/home/kmaeh/.pyenv/versions/3.8.7/lib -L/opt/rocm/lib -L/home/kmaeh/CuPy_Team/rocm//opt/rocm-4.0.0/lib -L/opt/rocm/lib -L/opt/rocm/lib -L/home/kmaeh/CuPy_Team/rocm//opt/rocm-4.0.0/lib -L/opt/rocm/lib -L/home/kmaeh/.pyenv/versions/3.8.7/lib -L/opt/rocm/lib -L/home/kmaeh/CuPy_Team/rocm//opt/rocm-4.0.0/lib -L/opt/rocm/lib -L/opt/rocm/lib -L/home/kmaeh/CuPy_Team/rocm//opt/rocm-4.0.0/lib -L/opt/rocm/lib -L/opt/rocm/lib /tmp/tmplq98v6gk/tmp/tmplq98v6gk/a.o -L/opt/rocm/hipfft/lib -L/opt/rocm/lib -o /tmp/tmplq98v6gk/liba.so
[Errno 28] No space left on device
Traceback (most recent call last):
  File "/home/kmaeh/.pyenv/versions/rocm-ci/lib/python3.8/site-packages/Cython/Build/Dependencies.py", line 1208, in cythonize_one
    result = compile_single(pyx_file, options, full_module_name=full_module_name)
  File "/home/kmaeh/.pyenv/versions/rocm-ci/lib/python3.8/site-packages/Cython/Compiler/Main.py", line 727, in compile_single
    return run_pipeline(source, options, full_module_name)
  File "/home/kmaeh/.pyenv/versions/rocm-ci/lib/python3.8/site-packages/Cython/Compiler/Main.py", line 515, in run_pipeline
    err, enddata = Pipeline.run_pipeline(pipeline, source)
  File "/home/kmaeh/.pyenv/versions/rocm-ci/lib/python3.8/site-packages/Cython/Compiler/Pipeline.py", line 355, in run_pipeline
    data = run(phase, data)
  File "/home/kmaeh/.pyenv/versions/rocm-ci/lib/python3.8/site-packages/Cython/Compiler/Pipeline.py", line 335, in run
    return phase(data)
  File "/home/kmaeh/.pyenv/versions/rocm-ci/lib/python3.8/site-packages/Cython/Compiler/Pipeline.py", line 52, in generate_pyx_code_stage
    module_node.process_implementation(options, result)
  File "/home/kmaeh/.pyenv/versions/rocm-ci/lib/python3.8/site-packages/Cython/Compiler/ModuleNode.py", line 143, in process_implementation
    self.generate_c_code(env, options, result)
  File "/home/kmaeh/.pyenv/versions/rocm-ci/lib/python3.8/site-packages/Cython/Compiler/ModuleNode.py", line 415, in generate_c_code
    f.close()
OSError: [Errno 28] No space left on device

************************************************************
* CuPy Configuration Summary                               *
************************************************************

Build Environment:
  Include directories: ['/opt/rocm/include/hipcub', '/home/kmaeh/Development/cupy-rocm-ci-report/tools/tmp.1GXTblFDDT/cupy/install/../cupy/_core/include', '/opt/rocm/include', '/opt/rocm/include/hip', '/opt/rocm/include/rocrand', '/opt/rocm/include/hiprand', '/opt/rocm/include/roctracer']
  Library directories: ['/opt/rocm/lib']
  nvcc command       : (not found)
  hipcc command      : ['/op