Options: {'package_name': 'cupy', 'long_description': None, 'wheel_libs': [], 'wheel_includes': [], 'wheel_metadata': None, 'no_rpath': False, 'profile': False, 'linetrace': False, 'annotate': False, 'no_cuda': False, 'use_hip': True}

-------- Configuring Module: cuda --------

-------- Configuring Module: cub --------

-------- Configuring Module: nccl --------

-------- Configuring Module: thrust --------

-------- Configuring Module: dlpack --------

************************************************************
* CuPy Configuration Summary                               *
************************************************************

Build Environment:
  Include directories: ['/opt/rocm/include/hipcub', '/home/kmaeh/Development/cupy-rocm-ci-report/tools/tmp.X1gcj8YXFR/cupy/install/../cupy/core/include', '/opt/rocm/include', '/opt/rocm/include/hip', '/opt/rocm/include/rocrand', '/opt/rocm/include/hiprand', '/opt/rocm/include/roctracer']
  Library directories: ['/opt/rocm/lib']
  nvcc command       : (not found)
  hipcc command      : ['/opt/rocm/bin/hipcc']

Environment Variables:
  CFLAGS          : -I/home/kmaeh/CuPy_Team/rocm//opt/rocm-4.0.0/include -I/home/kmaeh/CuPy_Team/rocm//opt/rocm-4.0.0/include -I/home/kmaeh/CuPy_Team/rocm//opt/rocm-4.0.0/include 
  LDFLAGS         : -L/home/kmaeh/CuPy_Team/rocm//opt/rocm-4.0.0/lib -L/opt/rocm/lib -L/opt/rocm/lib -L/home/kmaeh/CuPy_Team/rocm//opt/rocm-4.0.0/lib -L/opt/rocm/lib -L/opt/rocm/lib -L/home/kmaeh/CuPy_Team/rocm//opt/rocm-4.0.0/lib -L/opt/rocm/lib 
  LIBRARY_PATH    : (none)
  CUDA_PATH       : (none)
  NVTOOLSEXT_PATH : (none)
  NVCC            : (none)
  HIPCC           : (none)
  ROCM_HOME       : /opt/rocm

Modules:
  cuda      : Yes (version 400)
  cub       : Yes (version 201005)
  nccl      : Yes (version 2708)
  thrust    : Yes
  dlpack    : Yes
************************************************************

running develop
running egg_info
creating cupy.egg-info
writing cupy.egg-info/PKG-INFO
writing dependency_links to cupy.egg-info/dependency_links.txt
writing requirements to cupy.egg-info/requires.txt
writing top-level names to cupy.egg-info/top_level.txt
writing manifest file 'cupy.egg-info/SOURCES.txt'
reading manifest file 'cupy.egg-info/SOURCES.txt'
reading manifest template 'MANIFEST.in'
warning: no files found matching '*.pxi' under directory 'cupy'
warning: no files found matching '*.hpp' under directory 'cupy_backends'
warning: no files found matching '*.pxi' under directory 'cupy_backends'
warning: no previously-included files matching '*.cpp' found under directory 'cupy_backends'
writing manifest file 'cupy.egg-info/SOURCES.txt'
running build_ext

-------- Configuring Module: cuda --------
creating /tmp/tmpd_4pytbe/tmp
creating /tmp/tmpd_4pytbe/tmp/tmpd_4pytbe
gcc -pthread -Wno-unused-result -Wsign-compare -DNDEBUG -g -fwrapv -O3 -Wall -I/home/kmaeh/CuPy_Team/rocm//opt/rocm-4.0.0/include -I/home/kmaeh/CuPy_Team/rocm//opt/rocm-4.0.0/include -I/home/kmaeh/CuPy_Team/rocm//opt/rocm-4.0.0/include -I/home/kmaeh/CuPy_Team/rocm//opt/rocm-4.0.0/include -I/home/kmaeh/CuPy_Team/rocm//opt/rocm-4.0.0/include -I/home/kmaeh/CuPy_Team/rocm//opt/rocm-4.0.0/include -I/home/kmaeh/CuPy_Team/rocm//opt/rocm-4.0.0/include -fPIC -D_FORCE_INLINES=1 -DCUPY_USE_HIP=1 -D__HIP_PLATFORM_HCC__=1 -I/opt/rocm/include/hipcub -I/home/kmaeh/Development/cupy-rocm-ci-report/tools/tmp.X1gcj8YXFR/cupy/install/../cupy/core/include -I/opt/rocm/include -I/opt/rocm/include/hip -I/opt/rocm/include/rocrand -I/opt/rocm/include/hiprand -I/opt/rocm/include/roctracer -c /tmp/tmpd_4pytbe/a.cpp -o /tmp/tmpd_4pytbe/tmp/tmpd_4pytbe/a.o -std=c++11
g++ -pthread -shared -L/home/kmaeh/.pyenv/versions/3.8.7/lib -L/opt/rocm/lib -L/home/kmaeh/CuPy_Team/rocm//opt/rocm-4.0.0/lib -L/opt/rocm/lib -L/opt/rocm/lib -L/home/kmaeh/CuPy_Team/rocm//opt/rocm-4.0.0/lib -L/opt/rocm/lib -L/home/kmaeh/.pyenv/versions/3.8.7/lib -L/opt/rocm/lib -L/home/kmaeh/CuPy_Team/rocm//opt/rocm-4.0.0/lib -L/opt/rocm/lib -L/opt/rocm/lib -L/home/kmaeh/CuPy_Team/rocm//opt/rocm-4.0.0/lib -L/opt/rocm/lib -L/home/kmaeh/CuPy_Team/rocm//opt/rocm-4.0.0/lib -L/opt/rocm/lib -L/opt/rocm/lib -L/home/kmaeh/CuPy_Team/rocm//opt/rocm-4.0.0/lib -L/opt/rocm/lib -L/opt/rocm/lib -L/home/kmaeh/CuPy_Team/rocm//opt/rocm-4.0.0/lib -L/opt/rocm/lib -I/home/kmaeh/CuPy_Team/rocm//opt/rocm-4.0.0/include -I/home/kmaeh/CuPy_Team/rocm//opt/rocm-4.0.0/include -I/home/kmaeh/CuPy_Team/rocm//opt/rocm-4.0.0/include /tmp/tmpd_4pytbe/tmp/tmpd_4pytbe/a.o -o /tmp/tmpd_4pytbe/liba.so
creating /tmp/tmpiqd9i9mo/tmp
creating /tmp/tmpiqd9i9mo/tmp/tmpiqd9i9mo
gcc -pthread -Wno-unused-result -Wsign-compare -DNDEBUG -g -fwrapv -O3 -Wall -I/home/kmaeh/CuPy_Team/rocm//opt/rocm-4.0.0/include -I/home/kmaeh/CuPy_Team/rocm//opt/rocm-4.0.0/include -I/home/kmaeh/CuPy_Team/rocm//opt/rocm-4.0.0/include -I/home/kmaeh/CuPy_Team/rocm//opt/rocm-4.0.0/include -I/home/kmaeh/CuPy_Team/rocm//opt/rocm-4.0.0/include -I/home/kmaeh/CuPy_Team/rocm//opt/rocm-4.0.0/include -I/home/kmaeh/CuPy_Team/rocm//opt/rocm-4.0.0/include -fPIC -D_FORCE_INLINES=1 -DCUPY_USE_HIP=1 -D__HIP_PLATFORM_HCC__=1 -c /tmp/tmpiqd9i9mo/a.cpp -o /tmp/tmpiqd9i9mo/tmp/tmpiqd9i9mo/a.o -std=c++11
g++ -pthread -shared -L/home/kmaeh/.pyenv/versions/3.8.7/lib -L/opt/rocm/lib -L/home/kmaeh/CuPy_Team/rocm//opt/rocm-4.0.0/lib -L/opt/rocm/lib -L/opt/rocm/lib -L/home/kmaeh/CuPy_Team/rocm//opt/rocm-4.0.0/lib -L/opt/rocm/lib -L/home/kmaeh/.pyenv/versions/3.8.7/lib -L/opt/rocm/lib -L/home/kmaeh/CuPy_Team/rocm//opt/rocm-4.0.0/lib -L/opt/rocm/lib -L/opt/rocm/lib -L/home/kmaeh/CuPy_Team/rocm//opt/rocm-4.0.0/lib -L/opt/rocm/lib -L/home/kmaeh/CuPy_Team/rocm//opt/rocm-4.0.0/lib -L/opt/rocm/lib -L/opt/rocm/lib -L/home/kmaeh/CuPy_Team/rocm//opt/rocm-4.0.0/lib -L/opt/rocm/lib -L/opt/rocm/lib -L/home/kmaeh/CuPy_Team/rocm//opt/rocm-4.0.0/lib -L/opt/rocm/lib -I/home/kmaeh/CuPy_Team/rocm//opt/rocm-4.0.0/include -I/home/kmaeh/CuPy_Team/rocm//opt/rocm-4.0.0/include -I/home/kmaeh/CuPy_Team/rocm//opt/rocm-4.0.0/include /tmp/tmpiqd9i9mo/tmp/tmpiqd9i9mo/a.o -L/opt/rocm/lib -lamdhip64 -lhipblas -lhiprand -lrocfft -lroctx64 -lrocblas -lrocsolver -o /tmp/tmpiqd9i9mo/liba.so
creating /tmp/tmp95_lctd_/tmp
creating /tmp/tmp95_lctd_/tmp/tmp95_lctd_
gcc -pthread -Wno-unused-result -Wsign-compare -DNDEBUG -g -fwrapv -O3 -Wall -I/home/kmaeh/CuPy_Team/rocm//opt/rocm-4.0.0/include -I/home/kmaeh/CuPy_Team/rocm//opt/rocm-4.0.0/include -I/home/kmaeh/CuPy_Team/rocm//opt/rocm-4.0.0/include -I/home/kmaeh/CuPy_Team/rocm//opt/rocm-4.0.0/include -I/home/kmaeh/CuPy_Team/rocm//opt/rocm-4.0.0/include -I/home/kmaeh/CuPy_Team/rocm//opt/rocm-4.0.0/include -I/home/kmaeh/CuPy_Team/rocm//opt/rocm-4.0.0/include -fPIC -I/opt/rocm/include/hipcub -I/home/kmaeh/Development/cupy-rocm-ci-report/tools/tmp.X1gcj8YXFR/cupy/install/../cupy/core/include -I/opt/rocm/include -I/opt/rocm/include/hip -I/opt/rocm/include/rocrand -I/opt/rocm/include/hiprand -I/opt/rocm/include/roctracer -c /tmp/tmp95_lctd_/a.cpp -o /tmp/tmp95_lctd_/tmp/tmp95_lctd_/a.o
g++ -pthread /tmp/tmp95_lctd_/tmp/tmp95_lctd_/a.o -o /tmp/tmp95_lctd_/a

-------- Configuring Module: cub --------
creating /tmp/tmp_4ivrje_/tmp
creating /tmp/tmp_4ivrje_/tmp/tmp_4ivrje_
gcc -pthread -Wno-unused-result -Wsign-compare -DNDEBUG -g -fwrapv -O3 -Wall -I/home/kmaeh/CuPy_Team/rocm//opt/rocm-4.0.0/include -I/home/kmaeh/CuPy_Team/rocm//opt/rocm-4.0.0/include -I/home/kmaeh/CuPy_Team/rocm//opt/rocm-4.0.0/include -I/home/kmaeh/CuPy_Team/rocm//opt/rocm-4.0.0/include -I/home/kmaeh/CuPy_Team/rocm//opt/rocm-4.0.0/include -I/home/kmaeh/CuPy_Team/rocm//opt/rocm-4.0.0/include -I/home/kmaeh/CuPy_Team/rocm//opt/rocm-4.0.0/include -fPIC -D_FORCE_INLINES=1 -DCUPY_USE_HIP=1 -D__HIP_PLATFORM_HCC__=1 -I/opt/rocm/include/hipcub -I/home/kmaeh/Development/cupy-rocm-ci-report/tools/tmp.X1gcj8YXFR/cupy/install/../cupy/core/include -I/opt/rocm/include -I/opt/rocm/include/hip -I/opt/rocm/include/rocrand -I/opt/rocm/include/hiprand -I/opt/rocm/include/roctracer -c /tmp/tmp_4ivrje_/a.cpp -o /tmp/tmp_4ivrje_/tmp/tmp_4ivrje_/a.o -std=c++11
g++ -pthread -shared -L/home/kmaeh/.pyenv/versions/3.8.7/lib -L/opt/rocm/lib -L/home/kmaeh/CuPy_Team/rocm//opt/rocm-4.0.0/lib -L/opt/rocm/lib -L/opt/rocm/lib -L/home/kmaeh/CuPy_Team/rocm//opt/rocm-4.0.0/lib -L/opt/rocm/lib -L/home/kmaeh/.pyenv/versions/3.8.7/lib -L/opt/rocm/lib -L/home/kmaeh/CuPy_Team/rocm//opt/rocm-4.0.0/lib -L/opt/rocm/lib -L/opt/rocm/lib -L/home/kmaeh/CuPy_Team/rocm//opt/rocm-4.0.0/lib -L/opt/rocm/lib -L/home/kmaeh/CuPy_Team/rocm//opt/rocm-4.0.0/lib -L/opt/rocm/lib -L/opt/rocm/lib -L/home/kmaeh/CuPy_Team/rocm//opt/rocm-4.0.0/lib -L/opt/rocm/lib -L/opt/rocm/lib -L/home/kmaeh/CuPy_Team/rocm//opt/rocm-4.0.0/lib -L/opt/rocm/lib -I/home/kmaeh/CuPy_Team/rocm//opt/rocm-4.0.0/include -I/home/kmaeh/CuPy_Team/rocm//opt/rocm-4.0.0/include -I/home/kmaeh/CuPy_Team/rocm//opt/rocm-4.0.0/include /tmp/tmp_4ivrje_/tmp/tmp_4ivrje_/a.o -o /tmp/tmp_4ivrje_/liba.so
creating /tmp/tmpwjccp_bz/tmp
creating /tmp/tmpwjccp_bz/tmp/tmpwjccp_bz
gcc -pthread -Wno-unused-result -Wsign-compare -DNDEBUG -g -fwrapv -O3 -Wall -I/home/kmaeh/CuPy_Team/rocm//opt/rocm-4.0.0/include -I/home/kmaeh/CuPy_Team/rocm//opt/rocm-4.0.0/include -I/home/kmaeh/CuPy_Team/rocm//opt/rocm-4.0.0/include -I/home/kmaeh/CuPy_Team/rocm//opt/rocm-4.0.0/include -I/home/kmaeh/CuPy_Team/rocm//opt/rocm-4.0.0/include -I/home/kmaeh/CuPy_Team/rocm//opt/rocm-4.0.0/include -I/home/kmaeh/CuPy_Team/rocm//opt/rocm-4.0.0/include -fPIC -D_FORCE_INLINES=1 -DCUPY_USE_HIP=1 -D__HIP_PLATFORM_HCC__=1 -c /tmp/tmpwjccp_bz/a.cpp -o /tmp/tmpwjccp_bz/tmp/tmpwjccp_bz/a.o -std=c++11
g++ -pthread -shared -L/home/kmaeh/.pyenv/versions/3.8.7/lib -L/opt/rocm/lib -L/home/kmaeh/CuPy_Team/rocm//opt/rocm-4.0.0/lib -L/opt/rocm/lib -L/opt/rocm/lib -L/home/kmaeh/CuPy_Team/rocm//opt/rocm-4.0.0/lib -L/opt/rocm/lib -L/home/kmaeh/.pyenv/versions/3.8.7/lib -L/opt/rocm/lib -L/home/kmaeh/CuPy_Team/rocm//opt/rocm-4.0.0/lib -L/opt/rocm/lib -L/opt/rocm/lib -L/home/kmaeh/CuPy_Team/rocm//opt/rocm-4.0.0/lib -L/opt/rocm/lib -L/home/kmaeh/CuPy_Team/rocm//opt/rocm-4.0.0/lib -L/opt/rocm/lib -L/opt/rocm/lib -L/home/kmaeh/CuPy_Team/rocm//opt/rocm-4.0.0/lib -L/opt/rocm/lib -L/opt/rocm/lib -L/home/kmaeh/CuPy_Team/rocm//opt/rocm-4.0.0/lib -L/opt/rocm/lib -I/home/kmaeh/CuPy_Team/rocm//opt/rocm-4.0.0/include -I/home/kmaeh/CuPy_Team/rocm//opt/rocm-4.0.0/include -I/home/kmaeh/CuPy_Team/rocm//opt/rocm-4.0.0/include /tmp/tmpwjccp_bz/tmp/tmpwjccp_bz/a.o -L/opt/rocm/lib -lamdhip64 -o /tmp/tmpwjccp_bz/liba.so
creating /tmp/tmpndnmo7kz/tmp
creating /tmp/tmpndnmo7kz/tmp/tmpndnmo7kz
gcc -pthread -Wno-unused-result -Wsign-compare -DNDEBUG -g -fwrapv -O3 -Wall -I/home/kmaeh/CuPy_Team/rocm//opt/rocm-4.0.0/include -I/home/kmaeh/CuPy_Team/rocm//opt/rocm-4.0.0/include -I/home/kmaeh/CuPy_Team/rocm//opt/rocm-4.0.0/include -I/home/kmaeh/CuPy_Team/rocm//opt/rocm-4.0.0/include -I/home/kmaeh/CuPy_Team/rocm//opt/rocm-4.0.0/include -I/home/kmaeh/CuPy_Team/rocm//opt/rocm-4.0.0/include -I/home/kmaeh/CuPy_Team/rocm//opt/rocm-4.0.0/include -fPIC -D_FORCE_INLINES=1 -DCUPY_USE_HIP=1 -D__HIP_PLATFORM_HCC__=1 -I/opt/rocm/include/hipcub -I/home/kmaeh/Development/cupy-rocm-ci-report/tools/tmp.X1gcj8YXFR/cupy/install/../cupy/core/include -I/opt/rocm/include -I/opt/rocm/include/hip -I/opt/rocm/include/rocrand -I/opt/rocm/include/hiprand -I/opt/rocm/include/roctracer -c /tmp/tmpndnmo7kz/a.cpp -o /tmp/tmpndnmo7kz/tmp/tmpndnmo7kz/a.o
g++ -pthread /tmp/tmpndnmo7kz/tmp/tmpndnmo7kz/a.o -o /tmp/tmpndnmo7kz/a

-------- Configuring Module: nccl --------
creating /tmp/tmpl3db6fgu/tmp
creating /tmp/tmpl3db6fgu/tmp/tmpl3db6fgu
gcc -pthread -Wno-unused-result -Wsign-compare -DNDEBUG -g -fwrapv -O3 -Wall -I/home/kmaeh/CuPy_Team/rocm//opt/rocm-4.0.0/include -I/home/kmaeh/CuPy_Team/rocm//opt/rocm-4.0.0/include -I/home/kmaeh/CuPy_Team/rocm//opt/rocm-4.0.0/include -I/home/kmaeh/CuPy_Team/rocm//opt/rocm-4.0.0/include -I/home/kmaeh/CuPy_Team/rocm//opt/rocm-4.0.0/include -I/home/kmaeh/CuPy_Team/rocm//opt/rocm-4.0.0/include -I/home/kmaeh/CuPy_Team/rocm//opt/rocm-4.0.0/include -fPIC -D_FORCE_INLINES=1 -DCUPY_USE_HIP=1 -D__HIP_PLATFORM_HCC__=1 -DCUPY_CUB_VERSION_CODE=201005 -I/opt/rocm/include/hipcub -I/home/kmaeh/Development/cupy-rocm-ci-report/tools/tmp.X1gcj8YXFR/cupy/install/../cupy/core/include -I/opt/rocm/include -I/opt/rocm/include/hip -I/opt/rocm/include/rocrand -I/opt/rocm/include/hiprand -I/opt/rocm/include/roctracer -c /tmp/tmpl3db6fgu/a.cpp -o /tmp/tmpl3db6fgu/tmp/tmpl3db6fgu/a.o -std=c++11
g++ -pthread -shared -L/home/kmaeh/.pyenv/versions/3.8.7/lib -L/opt/rocm/lib -L/home/kmaeh/CuPy_Team/rocm//opt/rocm-4.0.0/lib -L/opt/rocm/lib -L/opt/rocm/lib -L/home/kmaeh/CuPy_Team/rocm//opt/rocm-4.0.0/lib -L/opt/rocm/lib -L/home/kmaeh/.pyenv/versions/3.8.7/lib -L/opt/rocm/lib -L/home/kmaeh/CuPy_Team/rocm//opt/rocm-4.0.0/lib -L/opt/rocm/lib -L/opt/rocm/lib -L/home/kmaeh/CuPy_Team/rocm//opt/rocm-4.0.0/lib -L/opt/rocm/lib -L/home/kmaeh/CuPy_Team/rocm//opt/rocm-4.0.0/lib -L/opt/rocm/lib -L/opt/rocm/lib -L/home/kmaeh/CuPy_Team/rocm//opt/rocm-4.0.0/lib -L/opt/rocm/lib -L/opt/rocm/lib -L/home/kmaeh/CuPy_Team/rocm//opt/rocm-4.0.0/lib -L/opt/rocm/lib -I/home/kmaeh/CuPy_Team/rocm//opt/rocm-4.0.0/include -I/home/kmaeh/CuPy_Team/rocm//opt/rocm-4.0.0/include -I/home/kmaeh/CuPy_Team/rocm//opt/rocm-4.0.0/include /tmp/tmpl3db6fgu/tmp/tmpl3db6fgu/a.o -o /tmp/tmpl3db6fgu/liba.so
creating /tmp/tmpnd0m4nd7/tmp
creating /tmp/tmpnd0m4nd7/tmp/tmpnd0m4nd7
gcc -pthread -Wno-unused-result -Wsign-compare -DNDEBUG -g -fwrapv -O3 -Wall -I/home/kmaeh/CuPy_Team/rocm//opt/rocm-4.0.0/include -I/home/kmaeh/CuPy_Team/rocm//opt/rocm-4.0.0/include -I/home/kmaeh/CuPy_Team/rocm//opt/rocm-4.0.0/include -I/home/kmaeh/CuPy_Team/rocm//opt/rocm-4.0.0/include -I/home/kmaeh/CuPy_Team/rocm//opt/rocm-4.0.0/include -I/home/kmaeh/CuPy_Team/rocm//opt/rocm-4.0.0/include -I/home/kmaeh/CuPy_Team/rocm//opt/rocm-4.0.0/include -fPIC -D_FORCE_INLINES=1 -DCUPY_USE_HIP=1 -D__HIP_PLATFORM_HCC__=1 -DCUPY_CUB_VERSION_CODE=201005 -c /tmp/tmpnd0m4nd7/a.cpp -o /tmp/tmpnd0m4nd7/tmp/tmpnd0m4nd7/a.o -std=c++11
g++ -pthread -shared -L/home/kmaeh/.pyenv/versions/3.8.7/lib -L/opt/rocm/lib -L/home/kmaeh/CuPy_Team/rocm//opt/rocm-4.0.0/lib -L/opt/rocm/lib -L/opt/rocm/lib -L/home/kmaeh/CuPy_Team/rocm//opt/rocm-4.0.0/lib -L/opt/rocm/lib -L/home/kmaeh/.pyenv/versions/3.8.7/lib -L/opt/rocm/lib -L/home/kmaeh/CuPy_Team/rocm//opt/rocm-4.0.0/lib -L/opt/rocm/lib -L/opt/rocm/lib -L/home/kmaeh/CuPy_Team/rocm//opt/rocm-4.0.0/lib -L/opt/rocm/lib -L/home/kmaeh/CuPy_Team/rocm//opt/rocm-4.0.0/lib -L/opt/rocm/lib -L/opt/rocm/lib -L/home/kmaeh/CuPy_Team/rocm//opt/rocm-4.0.0/lib -L/opt/rocm/lib -L/opt/rocm/lib -L/home/kmaeh/CuPy_Team/rocm//opt/rocm-4.0.0/lib -L/opt/rocm/lib -I/home/kmaeh/CuPy_Team/rocm//opt/rocm-4.0.0/include -I/home/kmaeh/CuPy_Team/rocm//opt/rocm-4.0.0/include -I/home/kmaeh/CuPy_Team/rocm//opt/rocm-4.0.0/include /tmp/tmpnd0m4nd7/tmp/tmpnd0m4nd7/a.o -L/opt/rocm/lib -lrccl -o /tmp/tmpnd0m4nd7/liba.so
creating /tmp/tmprii6buw7/tmp
creating /tmp/tmprii6buw7/tmp/tmprii6buw7
gcc -pthread -Wno-unused-result -Wsign-compare -DNDEBUG -g -fwrapv -O3 -Wall -I/home/kmaeh/CuPy_Team/rocm//opt/rocm-4.0.0/include -I/home/kmaeh/CuPy_Team/rocm//opt/rocm-4.0.0/include -I/home/kmaeh/CuPy_Team/rocm//opt/rocm-4.0.0/include -I/home/kmaeh/CuPy_Team/rocm//opt/rocm-4.0.0/include -I/home/kmaeh/CuPy_Team/rocm//opt/rocm-4.0.0/include -I/home/kmaeh/CuPy_Team/rocm//opt/rocm-4.0.0/include -I/home/kmaeh/CuPy_Team/rocm//opt/rocm-4.0.0/include -fPIC -D_FORCE_INLINES=1 -DCUPY_USE_HIP=1 -D__HIP_PLATFORM_HCC__=1 -DCUPY_CUB_VERSION_CODE=201005 -I/opt/rocm/include/hipcub -I/home/kmaeh/Development/cupy-rocm-ci-report/tools/tmp.X1gcj8YXFR/cupy/install/../cupy/core/include -I/opt/rocm/include -I/opt/rocm/include/hip -I/opt/rocm/include/rocrand -I/opt/rocm/include/hiprand -I/opt/rocm/include/roctracer -c /tmp/tmprii6buw7/a.cpp -o /tmp/tmprii6buw7/tmp/tmprii6buw7/a.o
g++ -pthread /tmp/tmprii6buw7/tmp/tmprii6buw7/a.o -o /tmp/tmprii6buw7/a

-------- Configuring Module: thrust --------
creating /tmp/tmp6keuudwv/tmp
creating /tmp/tmp6keuudwv/tmp/tmp6keuudwv
gcc -pthread -Wno-unused-result -Wsign-compare -DNDEBUG -g -fwrapv -O3 -Wall -I/home/kmaeh/CuPy_Team/rocm//opt/rocm-4.0.0/include -I/home/kmaeh/CuPy_Team/rocm//opt/rocm-4.0.0/include -I/home/kmaeh/CuPy_Team/rocm//opt/rocm-4.0.0/include -I/home/kmaeh/CuPy_Team/rocm//opt/rocm-4.0.0/include -I/home/kmaeh/CuPy_Team/rocm//opt/rocm-4.0.0/include -I/home/kmaeh/CuPy_Team/rocm//opt/rocm-4.0.0/include -I/home/kmaeh/CuPy_Team/rocm//opt/rocm-4.0.0/include -fPIC -D_FORCE_INLINES=1 -DCUPY_USE_HIP=1 -D__HIP_PLATFORM_HCC__=1 -DCUPY_CUB_VERSION_CODE=201005 -I/opt/rocm/include/hipcub -I/home/kmaeh/Development/cupy-rocm-ci-report/tools/tmp.X1gcj8YXFR/cupy/install/../cupy/core/include -I/opt/rocm/include -I/opt/rocm/include/hip -I/opt/rocm/include/rocrand -I/opt/rocm/include/hiprand -I/opt/rocm/include/roctracer -c /tmp/tmp6keuudwv/a.cpp -o /tmp/tmp6keuudwv/tmp/tmp6keuudwv/a.o -std=c++11
g++ -pthread -shared -L/home/kmaeh/.pyenv/versions/3.8.7/lib -L/opt/rocm/lib -L/home/kmaeh/CuPy_Team/rocm//opt/rocm-4.0.0/lib -L/opt/rocm/lib -L/opt/rocm/lib -L/home/kmaeh/CuPy_Team/rocm//opt/rocm-4.0.0/lib -L/opt/rocm/lib -L/home/kmaeh/.pyenv/versions/3.8.7/lib -L/opt/rocm/lib -L/home/kmaeh/CuPy_Team/rocm//opt/rocm-4.0.0/lib -L/opt/rocm/lib -L/opt/rocm/lib -L/home/kmaeh/CuPy_Team/rocm//opt/rocm-4.0.0/lib -L/opt/rocm/lib -L/home/kmaeh/CuPy_Team/rocm//opt/rocm-4.0.0/lib -L/opt/rocm/lib -L/opt/rocm/lib -L/home/kmaeh/CuPy_Team/rocm//opt/rocm-4.0.0/lib -L/opt/rocm/lib -L/opt/rocm/lib -L/home/kmaeh/CuPy_Team/rocm//opt/rocm-4.0.0/lib -L/opt/rocm/lib -I/home/kmaeh/CuPy_Team/rocm//opt/rocm-4.0.0/include -I/home/kmaeh/CuPy_Team/rocm//opt/rocm-4.0.0/include -I/home/kmaeh/CuPy_Team/rocm//opt/rocm-4.0.0/include /tmp/tmp6keuudwv/tmp/tmp6keuudwv/a.o -o /tmp/tmp6keuudwv/liba.so
creating /tmp/tmpy7sjbzp1/tmp
creating /tmp/tmpy7sjbzp1/tmp/tmpy7sjbzp1
gcc -pthread -Wno-unused-result -Wsign-compare -DNDEBUG -g -fwrapv -O3 -Wall -I/home/kmaeh/CuPy_Team/rocm//opt/rocm-4.0.0/include -I/home/kmaeh/CuPy_Team/rocm//opt/rocm-4.0.0/include -I/home/kmaeh/CuPy_Team/rocm//opt/rocm-4.0.0/include -I/home/kmaeh/CuPy_Team/rocm//opt/rocm-4.0.0/include -I/home/kmaeh/CuPy_Team/rocm//opt/rocm-4.0.0/include -I/home/kmaeh/CuPy_Team/rocm//opt/rocm-4.0.0/include -I/home/kmaeh/CuPy_Team/rocm//opt/rocm-4.0.0/include -fPIC -D_FORCE_INLINES=1 -DCUPY_USE_HIP=1 -D__HIP_PLATFORM_HCC__=1 -DCUPY_CUB_VERSION_CODE=201005 -c /tmp/tmpy7sjbzp1/a.cpp -o /tmp/tmpy7sjbzp1/tmp/tmpy7sjbzp1/a.o -std=c++11
g++ -pthread -shared -L/home/kmaeh/.pyenv/versions/3.8.7/lib -L/opt/rocm/lib -L/home/kmaeh/CuPy_Team/rocm//opt/rocm-4.0.0/lib -L/opt/rocm/lib -L/opt/rocm/lib -L/home/kmaeh/CuPy_Team/rocm//opt/rocm-4.0.0/lib -L/opt/rocm/lib -L/home/kmaeh/.pyenv/versions/3.8.7/lib -L/opt/rocm/lib -L/home/kmaeh/CuPy_Team/rocm//opt/rocm-4.0.0/lib -L/opt/rocm/lib -L/opt/rocm/lib -L/home/kmaeh/CuPy_Team/rocm//opt/rocm-4.0.0/lib -L/opt/rocm/lib -L/home/kmaeh/CuPy_Team/rocm//opt/rocm-4.0.0/lib -L/opt/rocm/lib -L/opt/rocm/lib -L/home/kmaeh/CuPy_Team/rocm//opt/rocm-4.0.0/lib -L/opt/rocm/lib -L/opt/rocm/lib -L/home/kmaeh/CuPy_Team/rocm//opt/rocm-4.0.0/lib -L/opt/rocm/lib -I/home/kmaeh/CuPy_Team/rocm//opt/rocm-4.0.0/include -I/home/kmaeh/CuPy_Team/rocm//opt/rocm-4.0.0/include -I/home/kmaeh/CuPy_Team/rocm//opt/rocm-4.0.0/include /tmp/tmpy7sjbzp1/tmp/tmpy7sjbzp1/a.o -L/opt/rocm/lib -lamdhip64 -o /tmp/tmpy7sjbzp1/liba.so

-------- Configuring Module: dlpack --------
creating /tmp/tmpymz5n93l/tmp
creating /tmp/tmpymz5n93l/tmp/tmpymz5n93l
gcc -pthread -Wno-unused-result -Wsign-compare -DNDEBUG -g -fwrapv -O3 -Wall -I/home/kmaeh/CuPy_Team/rocm//opt/rocm-4.0.0/include -I/home/kmaeh/CuPy_Team/rocm//opt/rocm-4.0.0/include -I/home/kmaeh/CuPy_Team/rocm//opt/rocm-4.0.0/include -I/home/kmaeh/CuPy_Team/rocm//opt/rocm-4.0.0/include -I/home/kmaeh/CuPy_Team/rocm//opt/rocm-4.0.0/include -I/home/kmaeh/CuPy_Team/rocm//opt/rocm-4.0.0/include -I/home/kmaeh/CuPy_Team/rocm//opt/rocm-4.0.0/include -fPIC -D_FORCE_INLINES=1 -DCUPY_USE_HIP=1 -D__HIP_PLATFORM_HCC__=1 -DCUPY_CUB_VERSION_CODE=201005 -I/opt/rocm/include/hipcub -I/home/kmaeh/Development/cupy-rocm-ci-report/tools/tmp.X1gcj8YXFR/cupy/install/../cupy/core/include -I/opt/rocm/include -I/opt/rocm/include/hip -I/opt/rocm/include/rocrand -I/opt/rocm/include/hiprand -I/opt/rocm/include/roctracer -c /tmp/tmpymz5n93l/a.cpp -o /tmp/tmpymz5n93l/tmp/tmpymz5n93l/a.o -std=c++11
g++ -pthread -shared -L/home/kmaeh/.pyenv/versions/3.8.7/lib -L/opt/rocm/lib -L/home/kmaeh/CuPy_Team/rocm//opt/rocm-4.0.0/lib -L/opt/rocm/lib -L/opt/rocm/lib -L/home/kmaeh/CuPy_Team/rocm//opt/rocm-4.0.0/lib -L/opt/rocm/lib -L/home/kmaeh/.pyenv/versions/3.8.7/lib -L/opt/rocm/lib -L/home/kmaeh/CuPy_Team/rocm//opt/rocm-4.0.0/lib -L/opt/rocm/lib -L/opt/rocm/lib -L/home/kmaeh/CuPy_Team/rocm//opt/rocm-4.0.0/lib -L/opt/rocm/lib -L/home/kmaeh/CuPy_Team/rocm//opt/rocm-4.0.0/lib -L/opt/rocm/lib -L/opt/rocm/lib -L/home/kmaeh/CuPy_Team/rocm//opt/rocm-4.0.0/lib -L/opt/rocm/lib -L/opt/rocm/lib -L/home/kmaeh/CuPy_Team/rocm//opt/rocm-4.0.0/lib -L/opt/rocm/lib -I/home/kmaeh/CuPy_Team/rocm//opt/rocm-4.0.0/include -I/home/kmaeh/CuPy_Team/rocm//opt/rocm-4.0.0/include -I/home/kmaeh/CuPy_Team/rocm//opt/rocm-4.0.0/include /tmp/tmpymz5n93l/tmp/tmpymz5n93l/a.o -o /tmp/tmpymz5n93l/liba.so
creating /tmp/tmp4l1hpep5/tmp
creating /tmp/tmp4l1hpep5/tmp/tmp4l1hpep5
gcc -pthread -Wno-unused-result -Wsign-compare -DNDEBUG -g -fwrapv -O3 -Wall -I/home/kmaeh/CuPy_Team/rocm//opt/rocm-4.0.0/include -I/home/kmaeh/CuPy_Team/rocm//opt/rocm-4.0.0/include -I/home/kmaeh/CuPy_Team/rocm//opt/rocm-4.0.0/include -I/home/kmaeh/CuPy_Team/rocm//opt/rocm-4.0.0/include -I/home/kmaeh/CuPy_Team/rocm//opt/rocm-4.0.0/include -I/home/kmaeh/CuPy_Team/rocm//opt/rocm-4.0.0/include -I/home/kmaeh/CuPy_Team/rocm//opt/rocm-4.0.0/include -fPIC -D_FORCE_INLINES=1 -DCUPY_USE_HIP=1 -D__HIP_PLATFORM_HCC__=1 -DCUPY_CUB_VERSION_CODE=201005 -c /tmp/tmp4l1hpep5/a.cpp -o /tmp/tmp4l1hpep5/tmp/tmp4l1hpep5/a.o -std=c++11
g++ -pthread -shared -L/home/kmaeh/.pyenv/versions/3.8.7/lib -L/opt/rocm/lib -L/home/kmaeh/CuPy_Team/rocm//opt/rocm-4.0.0/lib -L/opt/rocm/lib -L/opt/rocm/lib -L/home/kmaeh/CuPy_Team/rocm//opt/rocm-4.0.0/lib -L/opt/rocm/lib -L/home/kmaeh/.pyenv/versions/3.8.7/lib -L/opt/rocm/lib -L/home/kmaeh/CuPy_Team/rocm//opt/rocm-4.0.0/lib -L/opt/rocm/lib -L/opt/rocm/lib -L/home/kmaeh/CuPy_Team/rocm//opt/rocm-4.0.0/lib -L/opt/rocm/lib -L/home/kmaeh/CuPy_Team/rocm//opt/rocm-4.0.0/lib -L/opt/rocm/lib -L/opt/rocm/lib -L/home/kmaeh/CuPy_Team/rocm//opt/rocm-4.0.0/lib -L/opt/rocm/lib -L/opt/rocm/lib -L/home/kmaeh/CuPy_Team/rocm//opt/rocm-4.0.0/lib -L/opt/rocm/lib -I/home/kmaeh/CuPy_Team/rocm//opt/rocm-4.0.0/include -I/home/kmaeh/CuPy_Team/rocm//opt/rocm-4.0.0/include -I/home/kmaeh/CuPy_Team/rocm//opt/rocm-4.0.0/include /tmp/tmp4l1hpep5/tmp/tmp4l1hpep5/a.o -L/opt/rocm/lib -o /tmp/tmp4l1hpep5/liba.so

************************************************************
* CuPy Configuration Summary                               *
************************************************************

Build Environment:
  Include directories: ['/opt/rocm/include/hipcub', '/home/kmaeh/Development/cupy-rocm-ci-report/tools/tmp.X1gcj8YXFR/cupy/install/../cupy/core/include', '/opt/rocm/include', '/opt/rocm/include/hip', '/opt/rocm/include/rocrand', '/opt/rocm/include/hiprand', '/opt/rocm/include/roctracer']
  Library directories: ['/opt/rocm/lib']
  nvcc command       : (not found)
  hipcc command      : ['/opt/rocm/bin/hipcc']

Environment Variables:
  CFLAGS          : -I/home/kmaeh/CuPy_Team/rocm//opt/rocm-4.0.0/include -I/home/kmaeh/CuPy_Team/rocm//opt/rocm-4.0.0/include -I/home/kmaeh/CuPy_Team/rocm//opt/rocm-4.0.0/include 
  LDFLAGS         : -L/home/kmaeh/CuPy_Team/rocm//opt/rocm-4.0.0/lib -L/opt/rocm/lib -L/opt/rocm/lib -L/home/kmaeh/CuPy_Team/rocm//opt/rocm-4.0.0/lib -L/opt/rocm/lib -L/opt/rocm/lib -L/home/kmaeh/CuPy_Team/rocm//opt/rocm-4.0.0/lib -L/opt/rocm/lib 
  LIBRARY_PATH    : (none)
  CUDA_PATH       : (none)
  NVTOOLSEXT_PATH : (none)
  NVCC            : (none)
  HIPCC           : (none)
  ROCM_HOME       : /opt/rocm

Modules:
  cuda      : Yes (version 400)
  cub       : Yes (version 201005)
  nccl      : Yes (version 2708)
  thrust    : Yes
  dlpack    : Yes
************************************************************

Traceback (most recent call last):
  File "setup.py", line 149, in <module>
    setup(
  File "/home/kmaeh/.pyenv/versions/rocm-ci/lib/python3.8/site-packages/setuptools/__init__.py", line 165, in setup
    return distutils.core.setup(**attrs)
  File "/home/kmaeh/.pyenv/versions/3.8.7/lib/python3.8/distutils/core.py", line 148, in setup
    dist.run_commands()
  File "/home/kmaeh/.pyenv/versions/3.8.7/lib/python3.8/distutils/dist.py", line 966, in run_commands
    self.run_command(cmd)
  File "/home/kmaeh/.pyenv/versions/3.8.7/lib/python3.8/distutils/dist.py", line 985, in run_command
    cmd_obj.run()
  File "/home/kmaeh/.pyenv/versions/rocm-ci/lib/python3.8/site-packages/setuptools/command/develop.py", line 38, in run
    self.install_for_development()
  File "/home/kmaeh/.pyenv/versions/rocm-ci/lib/python3.8/site-packages/setuptools/command/develop.py", line 140, in install_for_development
    self.run_command('build_ext')
  File "/home/kmaeh/.pyenv/versions/3.8.7/lib/python3.8/distutils/cmd.py", line 313, in run_command
    self.distribution.run_command(command)
  File "/home/kmaeh/.pyenv/versions/3.8.7/lib/python3.8/distutils/dist.py", line 985, in run_command
    cmd_obj.run()
  File "/home/kmaeh/Development/cupy-rocm-ci-report/tools/tmp.X1gcj8YXFR/cupy/cupy_setup_build.py", line 1121, in run
    cythonize(ext_modules, cupy_setup_options)
  File "/home/kmaeh/Development/cupy-rocm-ci-report/tools/tmp.X1gcj8YXFR/cupy/cupy_setup_build.py", line 810, in cythonize
    raise AssertionError(
AssertionError: Unsupported Cython version: 0.29.21
